Arguments: 
  C:\Program Files\nodejs\node.exe C:\Users\mamtechpc\.yarn\releases\yarn-1.22.19.cjs add firebase

PATH: 
  C:\WINDOWS\system32;C:\WINDOWS;C:\WINDOWS\System32\Wbem;C:\WINDOWS\System32\WindowsPowerShell\v1.0\;C:\WINDOWS\System32\OpenSSH\;C:\Program Files (x86)\Git\cmd;C:\Program Files\nodejs;C:\Users\mamtechpc\Documents\GitHub;D:\php-8.2.4-nts-Win32-vs16-x64;C:\Users\mamtechpc\AppData\Roaming\Microsoft\Windows\Start Menu\Programs\MySQL;C:\Program Files\MySQL\MySQL Server 8.0\bin;C:\Program Files\nodejs\;C:\Program Files\MySQL\MySQL Shell 8.0\bin\;C:\Users\mamtechpc\AppData\Local\Programs\Eclipse Adoptium\jdk-17.0.5.8-hotspot\bin;C:\Users\mamtechpc\AppData\Local\Microsoft\WindowsApps;C:\Users\mamtechpc\AppData\Local\Programs\Microsoft VS Code\bin;C:\Program Files\JetBrains\IntelliJ IDEA 2022.3\bin;;C:\Users\mamtechpc\AppData\Local\GitHubDesktop\bin;C:\Users\mamtechpc\AppData\Roaming\npm;C:\MinGW\bin;

Yarn version: 
  1.22.19

Node version: 
  18.16.0

Platform: 
  win32 x64

Trace: 
  Error: EPERM: operation not permitted, unlink 'C:\Users\mamtechpc\Desktop\React_Projects\E-Commerce\crwn-clothing\node_modules\@esbuild\win32-x64\esbuild.exe'

npm manifest: 
  {
    "name": "crwn-clothing",
    "private": true,
    "version": "0.0.0",
    "type": "module",
    "scripts": {
      "dev": "vite",
      "build": "vite build",
      "lint": "eslint src --ext js,jsx --report-unused-disable-directives --max-warnings 0",
      "preview": "vite preview"
    },
    "dependencies": {
  
      "react": "^18.2.0",
      "react-dom": "^18.2.0",
      "react-router-dom": "^6.11.0"
    },
    "devDependencies": {
      "@types/react": "^18.0.28",
      "@types/react-dom": "^18.0.11",
      "@vitejs/plugin-react": "^4.0.0-beta.0",
      "eslint": "^8.38.0",
      "eslint-plugin-react": "^7.32.2",
      "eslint-plugin-react-hooks": "^4.6.0",
      "eslint-plugin-react-refresh": "^0.3.4",
      "sass": "^1.62.0",
      "vite": "^4.3.0"
    }
  }

yarn manifest: 
  No manifest

Lockfile: 
  No lockfile
